c[?7l[2J[0mSeaBIOS (version 1.15.0-1)


iPXE (https://ipxe.org) 00:03.0 CA00 PCI2.10 PnP PMM+07F8B4A0+07ECB4A0 CA00
Press Ctrl-B to configure iPXE (PCI 00:03.0)...                                                                               


Booting from Hard Disk..(THU.CST) os is loading ...

Special kernel symbols:
  entry  0xc0100036 (phys)
  etext  0xc0105f89 (phys)
  edata  0xc011b000 (phys)
  end    0xc011bf2c (phys)
Kernel executable memory footprint: 112KB
ebp:0xc0117f38 eip:0xc01009db args:0x00010094 0x00010094 0xc0117f68 0xc01000c4 
    kern/debug/kdebug.c:308: print_stackframe+21
ebp:0xc0117f48 eip:0xc0100cd2 args:0x00000000 0x00000000 0x00000000 0xc0117fb8 
    kern/debug/kmonitor.c:129: mon_backtrace+10
ebp:0xc0117f68 eip:0xc01000c4 args:0x00000000 0xc0117f90 0xffff0000 0xc0117f94 
    kern/init/init.c:49: grade_backtrace2+33
ebp:0xc0117f88 eip:0xc01000f2 args:0x00000000 0xffff0000 0xc0117fb4 0x0000002a 
    kern/init/init.c:54: grade_backtrace1+40
ebp:0xc0117fa8 eip:0xc0100112 args:0x00000000 0xc0100036 0xffff0000 0x0000001d 
    kern/init/init.c:59: grade_backtrace0+23
ebp:0xc0117fc8 eip:0xc010013a args:0xc0105fbc 0xc0105fa0 0x00000f2c 0x00000000 
    kern/init/init.c:64: grade_backtrace+34
ebp:0xc0117ff8 eip:0xc0100087 args:0xc0106150 0xc0106158 0xc0100c56 0xc0106177 
    kern/init/init.c:29: kern_init+80
memory management: default_pmm_manager
e820map:
  memory: 0009fc00, [00000000, 0009fbff], type = 1.
  memory: 00000400, [0009fc00, 0009ffff], type = 2.
  memory: 00010000, [000f0000, 000fffff], type = 2.
  memory: 07ee0000, [00100000, 07fdffff], type = 1.
  memory: 00020000, [07fe0000, 07ffffff], type = 2.
  memory: 00040000, [fffc0000, ffffffff], type = 2.
check_alloc_page() succeeded!
check_pgdir() succeeded!
check_boot_pgdir() succeeded!
-------------------- BEGIN --------------------
PDE(0e0) c0000000-f8000000 38000000 urw
  |-- PTE(38000) c0000000-f8000000 38000000 -rw
PDE(001) fac00000-fb000000 00400000 -rw
  |-- PTE(000e0) faf00000-fafe0000 000e0000 urw
  |-- PTE(00001) fafeb000-fafec000 00001000 -rw
--------------------- END ---------------------
++ setup timer interrupts
100 ticks
End of Test.
kernel panic at kern/trap/trap.c:18:
    EOT: kernel seems ok.
stack trackback:
ebp:0xc0117ee0 eip:0xc01009db args:0xc0106284 0xc0117f24 0x00000012 0xc0117f5c 
    kern/debug/kdebug.c:308: print_stackframe+21
ebp:0xc0117f10 eip:0xc0100d43 args:0xc010632e 0x00000012 0xc0106318 0x00000003 
    kern/debug/panic.c:27: __panic+103
ebp:0xc0117f30 eip:0xc010195a args:0xc0117f68 0xc010034f 0xc01002fe 0xc0117f5c 
    kern/trap/trap.c:0: print_ticks+65
ebp:0xc0117f60 eip:0xc0101d92 args:0xc0117f8c 0xc0100374 0xc01062b4 0xc0117fa4 
    kern/trap/trap.c:158: trap_dispatch+141
ebp:0xc0117f80 eip:0xc0101e4e args:0xc0117f8c 0x0000807c 0x00010094 0xc0117ff8 
    kern/trap/trap.c:195: trap+16
ebp:0xc0117ff8 eip:0xc0101e69 args:0xc0106150 0xc0106158 0xc0100c56 0xc0106177 
    kern/trap/trapentry.S:24: <unknown>+0
Welcome to the kernel debug monitor!!
Type 'help' for a list of commands.
